<?xml version="1.0" encoding="UTF-8"?>
<!-- Generated by org.testng.reporters.JUnitXMLReporter -->
<testsuite hostname="Deepak" ignored="0" name="Test" tests="3" failures="1" timestamp="2021-06-18T20:30:28 SGT" time="10.317" errors="0">
  <testcase name="initialDemo" time="8.229" classname="First.Testing.AppTest"/>
  <testcase name="print" time="0.001" classname="First.Testing.PrintTest">
    <failure type="java.io.FileNotFoundException" message="C:\Users\Deepak Kumar Nayak\Desktop\Selenium.xlsx (The system cannot find the file specified)">
      <![CDATA[java.io.FileNotFoundException: C:\Users\Deepak Kumar Nayak\Desktop\Selenium.xlsx (The system cannot find the file specified)
at java.io.FileInputStream.open0(Native Method)
at java.io.FileInputStream.open(Unknown Source)
at java.io.FileInputStream.<init>(Unknown Source)
at java.io.FileInputStream.<init>(Unknown Source)
at First.Testing.PrintTest.print(PrintTest.java:23)
at java.util.ArrayList.forEach(Unknown Source)
... Removed 27 stack frames]]>
    </failure>
  </testcase> <!-- print -->
  <testcase name="test" time="1.762" classname="First.Testing.DriverTest"/>
</testsuite> <!-- Test -->
