<?xml version="1.0" encoding="UTF-8"?>
<testng-results skipped="0" failed="0" ignored="0" total="2" passed="2">
  <reporter-output>
  </reporter-output>
  <suite name="Suite" duration-ms="17125" started-at="2021-05-29T16:33:55 SGT" finished-at="2021-05-29T16:34:12 SGT">
    <groups>
    </groups>
    <test name="Test" duration-ms="17125" started-at="2021-05-29T16:33:55 SGT" finished-at="2021-05-29T16:34:12 SGT">
      <class name="First.Testing.AppTest">
        <test-method status="PASS" signature="Test()[pri:0, instance:First.Testing.AppTest@553f17c]" name="Test" duration-ms="17094" started-at="2021-05-29T16:33:55 SGT" finished-at="2021-05-29T16:34:12 SGT">
          <reporter-output>
          </reporter-output>
        </test-method> <!-- Test -->
      </class> <!-- First.Testing.AppTest -->
      <class name="First.Testing.PrintTest">
        <test-method status="PASS" signature="print()[pri:0, instance:First.Testing.PrintTest@4f7d0008]" name="print" duration-ms="1" started-at="2021-05-29T16:34:12 SGT" finished-at="2021-05-29T16:34:12 SGT">
          <reporter-output>
          </reporter-output>
        </test-method> <!-- print -->
      </class> <!-- First.Testing.PrintTest -->
    </test> <!-- Test -->
  </suite> <!-- Suite -->
</testng-results>
